1498148967.320851 client started (83986): socket /private/tmp/tmux-501/default, protocol 8
1498148967.320887 on Darwin 16.6.0 Darwin Kernel Version 16.6.0: Fri Apr 14 16:21:16 PDT 2017; root:xnu-3789.60.24~6/RELEASE_X86_64; libevent 2.0.22-stable (poll)
1498148967.320926 socket is /private/tmp/tmux-501/default
1498148967.320937 trying connect
1498148967.321021 add peer 0x7fd8b201e600: 6 (0x0)
1498148967.321845 sending message 100 to peer 0x7fd8b201e600 (4 bytes)
1498148967.321859 sending message 101 to peer 0x7fd8b201e600 (15 bytes)
1498148967.321862 sending message 102 to peer 0x7fd8b201e600 (13 bytes)
1498148967.321865 sending message 108 to peer 0x7fd8b201e600 (18 bytes)
1498148967.321873 sending message 104 to peer 0x7fd8b201e600 (0 bytes)
1498148967.321876 sending message 107 to peer 0x7fd8b201e600 (4 bytes)
1498148967.321879 sending message 105 to peer 0x7fd8b201e600 (20 bytes)
1498148967.321882 sending message 105 to peer 0x7fd8b201e600 (16 bytes)
1498148967.321884 sending message 105 to peer 0x7fd8b201e600 (26 bytes)
1498148967.321887 sending message 105 to peer 0x7fd8b201e600 (19 bytes)
1498148967.321890 sending message 105 to peer 0x7fd8b201e600 (30 bytes)
1498148967.321892 sending message 105 to peer 0x7fd8b201e600 (32 bytes)
1498148967.321895 sending message 105 to peer 0x7fd8b201e600 (30 bytes)
1498148967.321898 sending message 105 to peer 0x7fd8b201e600 (17 bytes)
1498148967.321900 sending message 105 to peer 0x7fd8b201e600 (14 bytes)
1498148967.321903 sending message 105 to peer 0x7fd8b201e600 (22 bytes)
1498148967.321905 sending message 105 to peer 0x7fd8b201e600 (7 bytes)
1498148967.321908 sending message 105 to peer 0x7fd8b201e600 (75 bytes)
1498148967.321911 sending message 105 to peer 0x7fd8b201e600 (66 bytes)
1498148967.321913 sending message 105 to peer 0x7fd8b201e600 (31 bytes)
1498148967.321916 sending message 105 to peer 0x7fd8b201e600 (30 bytes)
1498148967.321918 sending message 105 to peer 0x7fd8b201e600 (53 bytes)
1498148967.321921 sending message 105 to peer 0x7fd8b201e600 (12 bytes)
1498148967.321924 sending message 105 to peer 0x7fd8b201e600 (191 bytes)
1498148967.321926 sending message 105 to peer 0x7fd8b201e600 (150 bytes)
1498148967.321929 sending message 105 to peer 0x7fd8b201e600 (56 bytes)
1498148967.321932 sending message 105 to peer 0x7fd8b201e600 (14 bytes)
1498148967.321934 sending message 105 to peer 0x7fd8b201e600 (38 bytes)
1498148967.321937 sending message 105 to peer 0x7fd8b201e600 (24 bytes)
1498148967.321939 sending message 105 to peer 0x7fd8b201e600 (74 bytes)
1498148967.321942 sending message 105 to peer 0x7fd8b201e600 (328 bytes)
1498148967.321945 sending message 105 to peer 0x7fd8b201e600 (77 bytes)
1498148967.321947 sending message 105 to peer 0x7fd8b201e600 (31 bytes)
1498148967.321950 sending message 105 to peer 0x7fd8b201e600 (16 bytes)
1498148967.321952 sending message 105 to peer 0x7fd8b201e600 (15 bytes)
1498148967.321955 sending message 105 to peer 0x7fd8b201e600 (66 bytes)
1498148967.321958 sending message 105 to peer 0x7fd8b201e600 (53 bytes)
1498148967.321960 sending message 105 to peer 0x7fd8b201e600 (11 bytes)
1498148967.321963 sending message 105 to peer 0x7fd8b201e600 (32 bytes)
1498148967.321965 sending message 105 to peer 0x7fd8b201e600 (220 bytes)
1498148967.321968 sending message 105 to peer 0x7fd8b201e600 (17 bytes)
1498148967.321971 sending message 105 to peer 0x7fd8b201e600 (25 bytes)
1498148967.321973 sending message 105 to peer 0x7fd8b201e600 (22 bytes)
1498148967.321976 sending message 105 to peer 0x7fd8b201e600 (18 bytes)
1498148967.321979 sending message 105 to peer 0x7fd8b201e600 (28 bytes)
1498148967.321981 sending message 105 to peer 0x7fd8b201e600 (58 bytes)
1498148967.321984 sending message 105 to peer 0x7fd8b201e600 (27 bytes)
1498148967.321986 sending message 105 to peer 0x7fd8b201e600 (26 bytes)
1498148967.321989 sending message 105 to peer 0x7fd8b201e600 (43 bytes)
1498148967.321992 sending message 105 to peer 0x7fd8b201e600 (76 bytes)
1498148967.321994 sending message 105 to peer 0x7fd8b201e600 (57 bytes)
1498148967.321997 sending message 105 to peer 0x7fd8b201e600 (62 bytes)
1498148967.322006 sending message 105 to peer 0x7fd8b201e600 (76 bytes)
1498148967.322008 sending message 105 to peer 0x7fd8b201e600 (19 bytes)
1498148967.322011 sending message 105 to peer 0x7fd8b201e600 (38 bytes)
1498148967.322013 sending message 105 to peer 0x7fd8b201e600 (12 bytes)
1498148967.322016 sending message 105 to peer 0x7fd8b201e600 (16 bytes)
1498148967.322019 sending message 105 to peer 0x7fd8b201e600 (42 bytes)
1498148967.322021 sending message 105 to peer 0x7fd8b201e600 (51 bytes)
1498148967.322024 sending message 105 to peer 0x7fd8b201e600 (26 bytes)
1498148967.322026 sending message 105 to peer 0x7fd8b201e600 (14 bytes)
1498148967.322029 sending message 105 to peer 0x7fd8b201e600 (17 bytes)
1498148967.322032 sending message 105 to peer 0x7fd8b201e600 (8 bytes)
1498148967.322034 sending message 105 to peer 0x7fd8b201e600 (110 bytes)
1498148967.322037 sending message 105 to peer 0x7fd8b201e600 (17 bytes)
1498148967.322039 sending message 105 to peer 0x7fd8b201e600 (14 bytes)
1498148967.322042 sending message 105 to peer 0x7fd8b201e600 (1301 bytes)
1498148967.322045 sending message 105 to peer 0x7fd8b201e600 (209 bytes)
1498148967.322047 sending message 105 to peer 0x7fd8b201e600 (14 bytes)
1498148967.322050 sending message 105 to peer 0x7fd8b201e600 (26 bytes)
1498148967.322053 sending message 105 to peer 0x7fd8b201e600 (18 bytes)
1498148967.322055 sending message 105 to peer 0x7fd8b201e600 (22 bytes)
1498148967.322058 sending message 106 to peer 0x7fd8b201e600 (0 bytes)
1498148967.322062 sending message 200 to peer 0x7fd8b201e600 (4 bytes)
1498148967.322065 client loop enter
1498148967.322973 peer 0x7fd8b201e600 message 211
1498148967.322990 peer 0x7fd8b201e600 message 203
1498148967.322994 client loop exit
